  st001-01.cpp
C:\Program Files\Microsoft Visual Studio\2022\Community\VC\Tools\MSVC\14.31.31103\include\xtr1common(31,1): error C2337: '[': 특성을 찾을 수 없습니다.
C:\Program Files\Microsoft Visual Studio\2022\Community\VC\Tools\MSVC\14.31.31103\include\xtr1common(154): message : 컴파일되는 클래스 템플릿 인스턴스화 'std::integral_constant<bool,false>'에 대한 참조를 확인하세요.
C:\Program Files\Microsoft Visual Studio\2022\Community\VC\Tools\MSVC\14.31.31103\include\xtr1common(154): message : 컴파일되는 클래스 템플릿 인스턴스화 'std::disjunction<_Traits...>'에 대한 참조를 확인하세요.
C:\Program Files\Microsoft Visual Studio\2022\Community\VC\Tools\MSVC\14.31.31103\include\xtr1common(31,5): error C2146: 구문 오류: ']'이(가) 'nodiscard' 식별자 앞에 없습니다.
C:\Program Files\Microsoft Visual Studio\2022\Community\VC\Tools\MSVC\14.31.31103\include\xtr1common(31,5): error C2143: 구문 오류: ';'이(가) ']' 앞에 없습니다.
C:\Program Files\Microsoft Visual Studio\2022\Community\VC\Tools\MSVC\14.31.31103\include\xtr1common(31,1): error C4430: 형식 지정자가 없습니다. int로 가정합니다. 참고: C++에서는 기본 int를 지원하지 않습니다.
C:\Program Files\Microsoft Visual Studio\2022\Community\VC\Tools\MSVC\14.31.31103\include\xtr1common(31,1): error C2334: '{' 앞에 예기치 않은 토큰이 있습니다. 명백한 함수 본문을 건너뜁니다.
C:\Program Files\Microsoft Visual Studio\2022\Community\VC\Tools\MSVC\14.31.31103\include\type_traits(483,1): error C2332: 'struct': 태그 이름이 없습니다.
C:\Program Files\Microsoft Visual Studio\2022\Community\VC\Tools\MSVC\14.31.31103\include\type_traits(483,1): error C3306: 'std::<unnamed-tag>': 명명되지 않은 클래스 템플릿은(는) 허용되지 않습니다.
C:\Program Files\Microsoft Visual Studio\2022\Community\VC\Tools\MSVC\14.31.31103\include\type_traits(483,8): error C2988: 템플릿 선언/정의를 인식할 수 없습니다.
C:\Program Files\Microsoft Visual Studio\2022\Community\VC\Tools\MSVC\14.31.31103\include\type_traits(483,8): error C2143: 구문 오류: ';'이(가) '[' 앞에 없습니다.
C:\Program Files\Microsoft Visual Studio\2022\Community\VC\Tools\MSVC\14.31.31103\include\type_traits(483,1): error C2337: '[': 특성을 찾을 수 없습니다.
C:\Program Files\Microsoft Visual Studio\2022\Community\VC\Tools\MSVC\14.31.31103\include\type_traits(483,8): error C2146: 구문 오류: ']'이(가) 'deprecated' 식별자 앞에 없습니다.
C:\Program Files\Microsoft Visual Studio\2022\Community\VC\Tools\MSVC\14.31.31103\include\type_traits(483,1): error C4430: 형식 지정자가 없습니다. int로 가정합니다. 참고: C++에서는 기본 int를 지원하지 않습니다.
C:\Program Files\Microsoft Visual Studio\2022\Community\VC\Tools\MSVC\14.31.31103\include\type_traits(483,1): error C2440: '초기화 중': 'const char [320]'에서 'int'(으)로 변환할 수 없습니다.
C:\Program Files\Microsoft Visual Studio\2022\Community\VC\Tools\MSVC\14.31.31103\include\type_traits(483,8): message : 이 변환이 가능한 컨텍스트가 없습니다.
C:\Program Files\Microsoft Visual Studio\2022\Community\VC\Tools\MSVC\14.31.31103\include\type_traits(483,8): error C2059: 구문 오류: ']'
C:\Program Files\Microsoft Visual Studio\2022\Community\VC\Tools\MSVC\14.31.31103\include\type_traits(483,64): error C2061: 구문 오류: 식별자 '_Ty'
C:\Program Files\Microsoft Visual Studio\2022\Community\VC\Tools\MSVC\14.31.31103\include\type_traits(483,70): error C2059: 구문 오류: '{'
C:\Program Files\Microsoft Visual Studio\2022\Community\VC\Tools\MSVC\14.31.31103\include\type_traits(483,1): error C2143: 구문 오류: ';'이(가) '{' 앞에 없습니다.
C:\Program Files\Microsoft Visual Studio\2022\Community\VC\Tools\MSVC\14.31.31103\include\type_traits(483,1): error C2447: '{': 함수 헤더가 없습니다. 이전 스타일의 형식 목록입니까?
C:\Program Files\Microsoft Visual Studio\2022\Community\VC\Tools\MSVC\14.31.31103\include\type_traits(2124,1): error C2337: '[': 특성을 찾을 수 없습니다.
C:\Program Files\Microsoft Visual Studio\2022\Community\VC\Tools\MSVC\14.31.31103\include\type_traits(2124,5): error C2146: 구문 오류: ']'이(가) 'deprecated' 식별자 앞에 없습니다.
C:\Program Files\Microsoft Visual Studio\2022\Community\VC\Tools\MSVC\14.31.31103\include\type_traits(2124,5): error C2059: 구문 오류: '문자열'
C:\Program Files\Microsoft Visual Studio\2022\Community\VC\Tools\MSVC\14.31.31103\include\type_traits(2124,5): error C2143: 구문 오류: ';'이(가) ']' 앞에 없습니다.
C:\Program Files\Microsoft Visual Studio\2022\Community\VC\Tools\MSVC\14.31.31103\include\type_traits(2124,1): error C4430: 형식 지정자가 없습니다. int로 가정합니다. 참고: C++에서는 기본 int를 지원하지 않습니다.
C:\Program Files\Microsoft Visual Studio\2022\Community\VC\Tools\MSVC\14.31.31103\include\type_traits(2124,1): warning C4183: 'deprecated': 반환 형식이 없습니다. 'int'를 반환하는 멤버 함수로 간주됩니다.
C:\Program Files\Microsoft Visual Studio\2022\Community\VC\Tools\MSVC\14.31.31103\include\type_traits(2124,5): error C2059: 구문 오류: ']'
C:\Program Files\Microsoft Visual Studio\2022\Community\VC\Tools\MSVC\14.31.31103\include\type_traits(2124,1): error C2238: ';' 앞에 예기치 않은 토큰이 있습니다.
C:\Program Files\Microsoft Visual Studio\2022\Community\VC\Tools\MSVC\14.31.31103\include\type_traits(2125,1): error C2337: '[': 특성을 찾을 수 없습니다.
C:\Program Files\Microsoft Visual Studio\2022\Community\VC\Tools\MSVC\14.31.31103\include\type_traits(2125,5): error C2146: 구문 오류: ']'이(가) 'deprecated' 식별자 앞에 없습니다.
C:\Program Files\Microsoft Visual Studio\2022\Community\VC\Tools\MSVC\14.31.31103\include\type_traits(2125,5): error C2059: 구문 오류: '문자열'
C:\Program Files\Microsoft Visual Studio\2022\Community\VC\Tools\MSVC\14.31.31103\include\type_traits(2125,5): error C2143: 구문 오류: ';'이(가) ']' 앞에 없습니다.
C:\Program Files\Microsoft Visual Studio\2022\Community\VC\Tools\MSVC\14.31.31103\include\type_traits(2125,1): error C4430: 형식 지정자가 없습니다. int로 가정합니다. 참고: C++에서는 기본 int를 지원하지 않습니다.
C:\Program Files\Microsoft Visual Studio\2022\Community\VC\Tools\MSVC\14.31.31103\include\type_traits(2125,1): error C2535: 'int std::hash<float>::deprecated(void)': 멤버 함수를 이미 정의했거나 선언했습니다.
C:\Program Files\Microsoft Visual Studio\2022\Community\VC\Tools\MSVC\14.31.31103\include\type_traits(2124): message : 'std::hash<float>::deprecated' 선언을 참조하십시오.
C:\Program Files\Microsoft Visual Studio\2022\Community\VC\Tools\MSVC\14.31.31103\include\type_traits(2125,1): warning C4183: 'deprecated': 반환 형식이 없습니다. 'int'를 반환하는 멤버 함수로 간주됩니다.
C:\Program Files\Microsoft Visual Studio\2022\Community\VC\Tools\MSVC\14.31.31103\include\type_traits(2125,5): error C2059: 구문 오류: ']'
C:\Program Files\Microsoft Visual Studio\2022\Community\VC\Tools\MSVC\14.31.31103\include\type_traits(2125,1): error C2238: ';' 앞에 예기치 않은 토큰이 있습니다.
C:\Program Files\Microsoft Visual Studio\2022\Community\VC\Tools\MSVC\14.31.31103\include\type_traits(2126,1): error C2337: '[': 특성을 찾을 수 없습니다.
C:\Program Files\Microsoft Visual Studio\2022\Community\VC\Tools\MSVC\14.31.31103\include\type_traits(2126,5): error C2146: 구문 오류: ']'이(가) 'nodiscard' 식별자 앞에 없습니다.
C:\Program Files\Microsoft Visual Studio\2022\Community\VC\Tools\MSVC\14.31.31103\include\type_traits(2126,5): error C2143: 구문 오류: ';'이(가) ']' 앞에 없습니다.
C:\Program Files\Microsoft Visual Studio\2022\Community\VC\Tools\MSVC\14.31.31103\include\type_traits(2126,1): error C4430: 형식 지정자가 없습니다. int로 가정합니다. 참고: C++에서는 기본 int를 지원하지 않습니다.
C:\Program Files\Microsoft Visual Studio\2022\Community\VC\Tools\MSVC\14.31.31103\include\type_traits(2126,1): error C2334: '{' 앞에 예기치 않은 토큰이 있습니다. 명백한 함수 본문을 건너뜁니다.
C:\Program Files\Microsoft Visual Studio\2022\Community\VC\Tools\MSVC\14.31.31103\include\type_traits(2133,1): error C2337: '[': 특성을 찾을 수 없습니다.
C:\Program Files\Microsoft Visual Studio\2022\Community\VC\Tools\MSVC\14.31.31103\include\type_traits(2133,5): error C2146: 구문 오류: ']'이(가) 'deprecated' 식별자 앞에 없습니다.
C:\Program Files\Microsoft Visual Studio\2022\Community\VC\Tools\MSVC\14.31.31103\include\type_traits(2133,5): error C2059: 구문 오류: '문자열'
C:\Program Files\Microsoft Visual Studio\2022\Community\VC\Tools\MSVC\14.31.31103\include\type_traits(2133,5): error C2143: 구문 오류: ';'이(가) ']' 앞에 없습니다.
C:\Program Files\Microsoft Visual Studio\2022\Community\VC\Tools\MSVC\14.31.31103\include\type_traits(2133,1): error C4430: 형식 지정자가 없습니다. int로 가정합니다. 참고: C++에서는 기본 int를 지원하지 않습니다.
C:\Program Files\Microsoft Visual Studio\2022\Community\VC\Tools\MSVC\14.31.31103\include\type_traits(2133,1): warning C4183: 'deprecated': 반환 형식이 없습니다. 'int'를 반환하는 멤버 함수로 간주됩니다.
C:\Program Files\Microsoft Visual Studio\2022\Community\VC\Tools\MSVC\14.31.31103\include\type_traits(2133,5): error C2059: 구문 오류: ']'
C:\Program Files\Microsoft Visual Studio\2022\Community\VC\Tools\MSVC\14.31.31103\include\type_traits(2133,1): error C2238: ';' 앞에 예기치 않은 토큰이 있습니다.
C:\Program Files\Microsoft Visual Studio\2022\Community\VC\Tools\MSVC\14.31.31103\include\type_traits(2134,1): error C2337: '[': 특성을 찾을 수 없습니다.
C:\Program Files\Microsoft Visual Studio\2022\Community\VC\Tools\MSVC\14.31.31103\include\type_traits(2134,5): error C2146: 구문 오류: ']'이(가) 'deprecated' 식별자 앞에 없습니다.
C:\Program Files\Microsoft Visual Studio\2022\Community\VC\Tools\MSVC\14.31.31103\include\type_traits(2134,5): error C2059: 구문 오류: '문자열'
C:\Program Files\Microsoft Visual Studio\2022\Community\VC\Tools\MSVC\14.31.31103\include\type_traits(2134,5): error C2143: 구문 오류: ';'이(가) ']' 앞에 없습니다.
C:\Program Files\Microsoft Visual Studio\2022\Community\VC\Tools\MSVC\14.31.31103\include\type_traits(2134,1): error C4430: 형식 지정자가 없습니다. int로 가정합니다. 참고: C++에서는 기본 int를 지원하지 않습니다.
C:\Program Files\Microsoft Visual Studio\2022\Community\VC\Tools\MSVC\14.31.31103\include\type_traits(2134,1): error C2535: 'int std::hash<double>::deprecated(void)': 멤버 함수를 이미 정의했거나 선언했습니다.
C:\Program Files\Microsoft Visual Studio\2022\Community\VC\Tools\MSVC\14.31.31103\include\type_traits(2133): message : 'std::hash<double>::deprecated' 선언을 참조하십시오.
C:\Program Files\Microsoft Visual Studio\2022\Community\VC\Tools\MSVC\14.31.31103\include\type_traits(2134,1): warning C4183: 'deprecated': 반환 형식이 없습니다. 'int'를 반환하는 멤버 함수로 간주됩니다.
C:\Program Files\Microsoft Visual Studio\2022\Community\VC\Tools\MSVC\14.31.31103\include\type_traits(2134,5): error C2059: 구문 오류: ']'
C:\Program Files\Microsoft Visual Studio\2022\Community\VC\Tools\MSVC\14.31.31103\include\type_traits(2134,1): error C2238: ';' 앞에 예기치 않은 토큰이 있습니다.
C:\Program Files\Microsoft Visual Studio\2022\Community\VC\Tools\MSVC\14.31.31103\include\type_traits(2135,1): error C2337: '[': 특성을 찾을 수 없습니다.
C:\Program Files\Microsoft Visual Studio\2022\Community\VC\Tools\MSVC\14.31.31103\include\type_traits(2135,5): error C2146: 구문 오류: ']'이(가) 'nodiscard' 식별자 앞에 없습니다.
C:\Program Files\Microsoft Visual Studio\2022\Community\VC\Tools\MSVC\14.31.31103\include\type_traits(2135,5): error C2143: 구문 오류: ';'이(가) ']' 앞에 없습니다.
C:\Program Files\Microsoft Visual Studio\2022\Community\VC\Tools\MSVC\14.31.31103\include\type_traits(2135,1): error C4430: 형식 지정자가 없습니다. int로 가정합니다. 참고: C++에서는 기본 int를 지원하지 않습니다.
C:\Program Files\Microsoft Visual Studio\2022\Community\VC\Tools\MSVC\14.31.31103\include\type_traits(2135,1): error C2334: '{' 앞에 예기치 않은 토큰이 있습니다. 명백한 함수 본문을 건너뜁니다.
C:\Program Files\Microsoft Visual Studio\2022\Community\VC\Tools\MSVC\14.31.31103\include\type_traits(2142,1): error C2337: '[': 특성을 찾을 수 없습니다.
C:\Program Files\Microsoft Visual Studio\2022\Community\VC\Tools\MSVC\14.31.31103\include\type_traits(2142,5): error C2146: 구문 오류: ']'이(가) 'deprecated' 식별자 앞에 없습니다.
C:\Program Files\Microsoft Visual Studio\2022\Community\VC\Tools\MSVC\14.31.31103\include\type_traits(2142,5): error C2059: 구문 오류: '문자열'
C:\Program Files\Microsoft Visual Studio\2022\Community\VC\Tools\MSVC\14.31.31103\include\type_traits(2142,5): error C2143: 구문 오류: ';'이(가) ']' 앞에 없습니다.
C:\Program Files\Microsoft Visual Studio\2022\Community\VC\Tools\MSVC\14.31.31103\include\type_traits(2142,1): error C4430: 형식 지정자가 없습니다. int로 가정합니다. 참고: C++에서는 기본 int를 지원하지 않습니다.
C:\Program Files\Microsoft Visual Studio\2022\Community\VC\Tools\MSVC\14.31.31103\include\type_traits(2142,1): warning C4183: 'deprecated': 반환 형식이 없습니다. 'int'를 반환하는 멤버 함수로 간주됩니다.
C:\Program Files\Microsoft Visual Studio\2022\Community\VC\Tools\MSVC\14.31.31103\include\type_traits(2142,5): error C2059: 구문 오류: ']'
C:\Program Files\Microsoft Visual Studio\2022\Community\VC\Tools\MSVC\14.31.31103\include\type_traits(2142,1): error C2238: ';' 앞에 예기치 않은 토큰이 있습니다.
C:\Program Files\Microsoft Visual Studio\2022\Community\VC\Tools\MSVC\14.31.31103\include\type_traits(2143,1): error C2337: '[': 특성을 찾을 수 없습니다.
C:\Program Files\Microsoft Visual Studio\2022\Community\VC\Tools\MSVC\14.31.31103\include\type_traits(2143,5): error C2146: 구문 오류: ']'이(가) 'deprecated' 식별자 앞에 없습니다.
C:\Program Files\Microsoft Visual Studio\2022\Community\VC\Tools\MSVC\14.31.31103\include\type_traits(2143,5): error C2059: 구문 오류: '문자열'
C:\Program Files\Microsoft Visual Studio\2022\Community\VC\Tools\MSVC\14.31.31103\include\type_traits(2143,5): error C2143: 구문 오류: ';'이(가) ']' 앞에 없습니다.
C:\Program Files\Microsoft Visual Studio\2022\Community\VC\Tools\MSVC\14.31.31103\include\type_traits(2143,1): error C4430: 형식 지정자가 없습니다. int로 가정합니다. 참고: C++에서는 기본 int를 지원하지 않습니다.
C:\Program Files\Microsoft Visual Studio\2022\Community\VC\Tools\MSVC\14.31.31103\include\type_traits(2143,1): error C2535: 'int std::hash<long double>::deprecated(void)': 멤버 함수를 이미 정의했거나 선언했습니다.
C:\Program Files\Microsoft Visual Studio\2022\Community\VC\Tools\MSVC\14.31.31103\include\type_traits(2142): message : 'std::hash<long double>::deprecated' 선언을 참조하십시오.
C:\Program Files\Microsoft Visual Studio\2022\Community\VC\Tools\MSVC\14.31.31103\include\type_traits(2143,1): warning C4183: 'deprecated': 반환 형식이 없습니다. 'int'를 반환하는 멤버 함수로 간주됩니다.
C:\Program Files\Microsoft Visual Studio\2022\Community\VC\Tools\MSVC\14.31.31103\include\type_traits(2143,5): error C2059: 구문 오류: ']'
C:\Program Files\Microsoft Visual Studio\2022\Community\VC\Tools\MSVC\14.31.31103\include\type_traits(2143,1): error C2238: ';' 앞에 예기치 않은 토큰이 있습니다.
C:\Program Files\Microsoft Visual Studio\2022\Community\VC\Tools\MSVC\14.31.31103\include\type_traits(2144,1): error C2337: '[': 특성을 찾을 수 없습니다.
C:\Program Files\Microsoft Visual Studio\2022\Community\VC\Tools\MSVC\14.31.31103\include\type_traits(2144,5): error C2146: 구문 오류: ']'이(가) 'nodiscard' 식별자 앞에 없습니다.
C:\Program Files\Microsoft Visual Studio\2022\Community\VC\Tools\MSVC\14.31.31103\include\type_traits(2144,5): error C2143: 구문 오류: ';'이(가) ']' 앞에 없습니다.
C:\Program Files\Microsoft Visual Studio\2022\Community\VC\Tools\MSVC\14.31.31103\include\type_traits(2144,1): error C4430: 형식 지정자가 없습니다. int로 가정합니다. 참고: C++에서는 기본 int를 지원하지 않습니다.
C:\Program Files\Microsoft Visual Studio\2022\Community\VC\Tools\MSVC\14.31.31103\include\type_traits(2144,1): error C2334: '{' 앞에 예기치 않은 토큰이 있습니다. 명백한 함수 본문을 건너뜁니다.
C:\Program Files\Microsoft Visual Studio\2022\Community\VC\Tools\MSVC\14.31.31103\include\type_traits(2151,1): error C2337: '[': 특성을 찾을 수 없습니다.
C:\Program Files\Microsoft Visual Studio\2022\Community\VC\Tools\MSVC\14.31.31103\include\type_traits(2151,5): error C2146: 구문 오류: ']'이(가) 'deprecated' 식별자 앞에 없습니다.
C:\Program Files\Microsoft Visual Studio\2022\Community\VC\Tools\MSVC\14.31.31103\include\type_traits(2151,5): error C2059: 구문 오류: '문자열'
C:\Program Files\Microsoft Visual Studio\2022\Community\VC\Tools\MSVC\14.31.31103\include\type_traits(2151,5): error C2143: 구문 오류: ';'이(가) ']' 앞에 없습니다.
C:\Program Files\Microsoft Visual Studio\2022\Community\VC\Tools\MSVC\14.31.31103\include\type_traits(2151,1): error C4430: 형식 지정자가 없습니다. int로 가정합니다. 참고: C++에서는 기본 int를 지원하지 않습니다.
C:\Program Files\Microsoft Visual Studio\2022\Community\VC\Tools\MSVC\14.31.31103\include\type_traits(2151,1): warning C4183: 'deprecated': 반환 형식이 없습니다. 'int'를 반환하는 멤버 함수로 간주됩니다.
C:\Program Files\Microsoft Visual Studio\2022\Community\VC\Tools\MSVC\14.31.31103\include\type_traits(2151,5): error C2059: 구문 오류: ']'
C:\Program Files\Microsoft Visual Studio\2022\Community\VC\Tools\MSVC\14.31.31103\include\type_traits(2151,1): error C2238: ';' 앞에 예기치 않은 토큰이 있습니다.
C:\Program Files\Microsoft Visual Studio\2022\Community\VC\Tools\MSVC\14.31.31103\include\type_traits(2152,1): error C2337: '[': 특성을 찾을 수 없습니다.
C:\Program Files\Microsoft Visual Studio\2022\Community\VC\Tools\MSVC\14.31.31103\include\type_traits(2152,5): error C2146: 구문 오류: ']'이(가) 'deprecated' 식별자 앞에 없습니다.
C:\Program Files\Microsoft Visual Studio\2022\Community\VC\Tools\MSVC\14.31.31103\include\type_traits(2152,5): error C2059: 구문 오류: '문자열'
C:\Program Files\Microsoft Visual Studio\2022\Community\VC\Tools\MSVC\14.31.31103\include\type_traits(2152,5): error C2143: 구문 오류: ';'이(가) ']' 앞에 없습니다.
C:\Program Files\Microsoft Visual Studio\2022\Community\VC\Tools\MSVC\14.31.31103\include\type_traits(2152,1): error C4430: 형식 지정자가 없습니다. int로 가정합니다. 참고: C++에서는 기본 int를 지원하지 않습니다.
C:\Program Files\Microsoft Visual Studio\2022\Community\VC\Tools\MSVC\14.31.31103\include\type_traits(2152,1): error C2535: 'int std::hash<std::nullptr_t>::deprecated(void)': 멤버 함수를 이미 정의했거나 선언했습니다.
C:\Program Files\Microsoft Visual Studio\2022\Community\VC\Tools\MSVC\14.31.31103\include\type_traits(2151): message : 'std::hash<std::nullptr_t>::deprecated' 선언을 참조하십시오.
C:\Program Files\Microsoft Visual Studio\2022\Community\VC\Tools\MSVC\14.31.31103\include\type_traits(2152,1): warning C4183: 'deprecated': 반환 형식이 없습니다. 'int'를 반환하는 멤버 함수로 간주됩니다.
C:\Program Files\Microsoft Visual Studio\2022\Community\VC\Tools\MSVC\14.31.31103\include\type_traits(2152,5): error C2059: 구문 오류: ']'
C:\Program Files\Microsoft Visual Studio\2022\Community\VC\Tools\MSVC\14.31.31103\include\type_traits(2152,1): error C2238: ';' 앞에 예기치 않은 토큰이 있습니다.
C:\Program Files\Microsoft Visual Studio\2022\Community\VC\Tools\MSVC\14.31.31103\include\type_traits(2153,1): error C2337: '[': 특성을 찾을 수 없습니다.
C:\Program Files\Microsoft Visual Studio\2022\Community\VC\Tools\MSVC\14.31.31103\include\type_traits(2153,5): error C2146: 구문 오류: ']'이(가) 'nodiscard' 식별자 앞에 없습니다.
C:\Program Files\Microsoft Visual Studio\2022\Community\VC\Tools\MSVC\14.31.31103\include\type_traits(2153,5): error C2143: 구문 오류: ';'이(가) ']' 앞에 없습니다.
C:\Program Files\Microsoft Visual Studio\2022\Community\VC\Tools\MSVC\14.31.31103\include\type_traits(2153,1): error C4430: 형식 지정자가 없습니다. int로 가정합니다. 참고: C++에서는 기본 int를 지원하지 않습니다.
C:\Program Files\Microsoft Visual Studio\2022\Community\VC\Tools\MSVC\14.31.31103\include\type_traits(2153,1): error C2334: '{' 앞에 예기치 않은 토큰이 있습니다. 명백한 함수 본문을 건너뜁니다.
C:\Program Files\Microsoft Visual Studio\2022\Community\VC\Tools\MSVC\14.31.31103\include\limits(151,1): error C2337: '[': 특성을 찾을 수 없습니다.
C:\Program Files\Microsoft Visual Studio\2022\Community\VC\Tools\MSVC\14.31.31103\include\limits(151,5): error C2146: 구문 오류: ']'이(가) 'nodiscard' 식별자 앞에 없습니다.
C:\Program Files\Microsoft Visual Studio\2022\Community\VC\Tools\MSVC\14.31.31103\include\limits(151,5): error C2143: 구문 오류: ';'이(가) ']' 앞에 없습니다.
C:\Program Files\Microsoft Visual Studio\2022\Community\VC\Tools\MSVC\14.31.31103\include\limits(151,1): error C4430: 형식 지정자가 없습니다. int로 가정합니다. 참고: C++에서는 기본 int를 지원하지 않습니다.
C:\Program Files\Microsoft Visual Studio\2022\Community\VC\Tools\MSVC\14.31.31103\include\limits(151,1): error C2334: '{' 앞에 예기치 않은 토큰이 있습니다. 명백한 함수 본문을 건너뜁니다.
C:\Program Files\Microsoft Visual Studio\2022\Community\VC\Tools\MSVC\14.31.31103\include\limits(155,1): error C2337: '[': 특성을 찾을 수 없습니다.
C:\Program Files\Microsoft Visual Studio\2022\Community\VC\Tools\MSVC\14.31.31103\include\limits(155,5): error C2146: 구문 오류: ']'이(가) 'nodiscard' 식별자 앞에 없습니다.
C:\Program Files\Microsoft Visual Studio\2022\Community\VC\Tools\MSVC\14.31.31103\include\limits(155,5): error C2143: 구문 오류: ';'이(가) ']' 앞에 없습니다.
C:\Program Files\Microsoft Visual Studio\2022\Community\VC\Tools\MSVC\14.31.31103\include\limits(155,1): error C4430: 형식 지정자가 없습니다. int로 가정합니다. 참고: C++에서는 기본 int를 지원하지 않습니다.
C:\Program Files\Microsoft Visual Studio\2022\Community\VC\Tools\MSVC\14.31.31103\include\limits(155,1): error C2334: '{' 앞에 예기치 않은 토큰이 있습니다. 명백한 함수 본문을 건너뜁니다.
C:\Program Files\Microsoft Visual Studio\2022\Community\VC\Tools\MSVC\14.31.31103\include\limits(159,1): error C2337: '[': 특성을 찾을 수 없습니다.
C:\Program Files\Microsoft Visual Studio\2022\Community\VC\Tools\MSVC\14.31.31103\include\limits(159,5): error C2146: 구문 오류: ']'이(가) 'nodiscard' 식별자 앞에 없습니다.
C:\Program Files\Microsoft Visual Studio\2022\Community\VC\Tools\MSVC\14.31.31103\include\limits(159,5): error C2143: 구문 오류: ';'이(가) ']' 앞에 없습니다.
C:\Program Files\Microsoft Visual Studio\2022\Community\VC\Tools\MSVC\14.31.31103\include\limits(159,1): error C4430: 형식 지정자가 없습니다. int로 가정합니다. 참고: C++에서는 기본 int를 지원하지 않습니다.
C:\Program Files\Microsoft Visual Studio\2022\Community\VC\Tools\MSVC\14.31.31103\include\limits(159,1): error C2334: '{' 앞에 예기치 않은 토큰이 있습니다. 명백한 함수 본문을 건너뜁니다.
C:\Program Files\Microsoft Visual Studio\2022\Community\VC\Tools\MSVC\14.31.31103\include\limits(163,1): error C2337: '[': 특성을 찾을 수 없습니다.
C:\Program Files\Microsoft Visual Studio\2022\Community\VC\Tools\MSVC\14.31.31103\include\limits(163,5): error C2146: 구문 오류: ']'이(가) 'nodiscard' 식별자 앞에 없습니다.
C:\Program Files\Microsoft Visual Studio\2022\Community\VC\Tools\MSVC\14.31.31103\include\limits(163,5): error C2143: 구문 오류: ';'이(가) ']' 앞에 없습니다.
C:\Program Files\Microsoft Visual Studio\2022\Community\VC\Tools\MSVC\14.31.31103\include\limits(163,1): error C4430: 형식 지정자가 없습니다. int로 가정합니다. 참고: C++에서는 기본 int를 지원하지 않습니다.
C:\Program Files\Microsoft Visual Studio\2022\Community\VC\Tools\MSVC\14.31.31103\include\limits(163,1): error C2334: '{' 앞에 예기치 않은 토큰이 있습니다. 명백한 함수 본문을 건너뜁니다.
C:\Program Files\Microsoft Visual Studio\2022\Community\VC\Tools\MSVC\14.31.31103\include\limits(167,1): error C2337: '[': 특성을 찾을 수 없습니다.
C:\Program Files\Microsoft Visual Studio\2022\Community\VC\Tools\MSVC\14.31.31103\include\limits(167,1): fatal error C1003: 오류 수가 100개를 초과했습니다. 컴파일을 중지합니다.
